[main e5042b6] Auto-commit before clasp push on 2025-05-07 15:40:17
 3 files changed, 4 insertions(+), 1 deletion(-)
 create mode 100755 watch-and-push.sh
 create mode 100644 watch.log
Skipping push.
To https://github.com/lorenzlk/NewStartupOS.git
   b54361b..e5042b6  main -> main
[main 326e651] Auto-commit before clasp push on 2025-05-07 15:40:20
 1 file changed, 7 insertions(+)
Skipping push.
To https://github.com/lorenzlk/NewStartupOS.git
   e5042b6..326e651  main -> main
[main e6ae705] Auto-commit before clasp push on 2025-05-07 15:40:22
 1 file changed, 5 insertions(+)
Skipping push.
To https://github.com/lorenzlk/NewStartupOS.git
   326e651..e6ae705  main -> main
[main 24b51fa] Auto-commit before clasp push on 2025-05-07 15:40:24
 1 file changed, 5 insertions(+)
Skipping push.
To https://github.com/lorenzlk/NewStartupOS.git
   e6ae705..24b51fa  main -> main
[main 7a5e69e] Auto-commit before clasp push on 2025-05-07 15:40:26
 1 file changed, 5 insertions(+)
Skipping push.
To https://github.com/lorenzlk/NewStartupOS.git
   24b51fa..7a5e69e  main -> main
[main 4627f90] Auto-commit before clasp push on 2025-05-07 15:40:27
 1 file changed, 5 insertions(+)
Skipping push.
To https://github.com/lorenzlk/NewStartupOS.git
   7a5e69e..4627f90  main -> main
[main 6c653b9] Auto-commit before clasp push on 2025-05-07 15:40:29
 1 file changed, 5 insertions(+)
Skipping push.
To https://github.com/lorenzlk/NewStartupOS.git
   4627f90..6c653b9  main -> main
[main 5dcb469] Auto-commit before clasp push on 2025-05-07 15:40:31
 1 file changed, 5 insertions(+)
Skipping push.
To https://github.com/lorenzlk/NewStartupOS.git
   6c653b9..5dcb469  main -> main
[main 26da905] Auto-commit before clasp push on 2025-05-07 15:40:33
 1 file changed, 5 insertions(+)
Skipping push.
To https://github.com/lorenzlk/NewStartupOS.git
   5dcb469..26da905  main -> main
[main b7bc0f9] Auto-commit before clasp push on 2025-05-07 15:40:34
 1 file changed, 5 insertions(+)
Skipping push.
To https://github.com/lorenzlk/NewStartupOS.git
   26da905..b7bc0f9  main -> main
[main d1cd865] Auto-commit before clasp push on 2025-05-07 15:40:36
 2 files changed, 21 insertions(+)
 create mode 100644 .clasp.json.bak
Skipping push.
To https://github.com/lorenzlk/NewStartupOS.git
   b7bc0f9..d1cd865  main -> main
[main d9a4f76] Auto-commit before clasp push on 2025-05-07 15:40:38
 1 file changed, 6 insertions(+)
Skipping push.
To https://github.com/lorenzlk/NewStartupOS.git
   d1cd865..d9a4f76  main -> main
[main 5cc6b32] Auto-commit before clasp push on 2025-05-07 15:40:40
 1 file changed, 5 insertions(+)
Skipping push.
To https://github.com/lorenzlk/NewStartupOS.git
   d9a4f76..5cc6b32  main -> main
[main 8739ea1] Auto-commit before clasp push on 2025-05-07 15:40:42
 1 file changed, 5 insertions(+)
Skipping push.
To https://github.com/lorenzlk/NewStartupOS.git
   5cc6b32..8739ea1  main -> main
[main e311f8b] Auto-commit before clasp push on 2025-05-07 15:40:44
 1 file changed, 5 insertions(+)
Skipping push.
To https://github.com/lorenzlk/NewStartupOS.git
   8739ea1..e311f8b  main -> main
